# JRE version: OpenJDK Runtime Environment (17.0.6) (build 17.0.6+0-b2043.56-10027231)
# Java VM: OpenJDK 64-Bit Server VM (17.0.6+0-b2043.56-10027231, mixed mode, tiered, compressed oops, compressed class ptrs, g1 gc, windows-amd64)
GC Precious Log:
 CPUs: 4 total, 4 available
 Memory: 8035M
 Large Page Support: Disabled
 NUMA Support: Disabled
 Compressed Oops: Enabled (32-bit)
 Heap Region Size: 1M
 Heap Min Capacity: 8M
 Heap Initial Capacity: 126M
 Heap Max Capacity: 2G
 Pre-touch: Disabled
 Parallel Workers: 4
 Concurrent Workers: 1
 Concurrent Refinement Workers: 4
 Periodic GC: Disabled
Heap:
 garbage-first heap   total 533504K, used 308444K [0x0000000080000000, 0x0000000100000000)
  region size 1024K, 5 young (5120K), 5 survivors (5120K)
 Metaspace       used 229545K, committed 231040K, reserved 1253376K
  class space    used 30223K, committed 30976K, reserved 1048576K
GC Heap History (20 events):
Event: 918.263 GC heap after
{Heap after GC invocations=64 (full 0):
 garbage-first heap   total 533504K, used 258843K [0x0000000080000000, 0x0000000100000000)
  region size 1024K, 3 young (3072K), 3 survivors (3072K)
 Metaspace       used 164185K, committed 165440K, reserved 1196032K
  class space    used 22093K, committed 22720K, reserved 1048576K
}
Event: 1160.971 GC heap before
{Heap before GC invocations=64 (full 0):
 garbage-first heap   total 533504K, used 347931K [0x0000000080000000, 0x0000000100000000)
  region size 1024K, 92 young (94208K), 3 survivors (3072K)
 Metaspace       used 171920K, committed 173376K, reserved 1204224K
  class space    used 23550K, committed 24256K, reserved 1048576K
}
Event: 1160.979 GC heap after
{Heap after GC invocations=65 (full 0):
 garbage-first heap   total 533504K, used 261299K [0x0000000080000000, 0x0000000100000000)
  region size 1024K, 5 young (5120K), 5 survivors (5120K)
 Metaspace       used 171920K, committed 173376K, reserved 1204224K
  class space    used 23550K, committed 24256K, reserved 1048576K
}
Event: 1163.535 GC heap before
{Heap before GC invocations=66 (full 0):
 garbage-first heap   total 533504K, used 455859K [0x0000000080000000, 0x0000000100000000)
  region size 1024K, 180 young (184320K), 5 survivors (5120K)
 Metaspace       used 190677K, committed 192192K, reserved 1220608K
  class space    used 25696K, committed 26432K, reserved 1048576K
}
Event: 1163.554 GC heap after
{Heap after GC invocations=67 (full 0):
 garbage-first heap   total 533504K, used 288900K [0x0000000080000000, 0x0000000100000000)
  region size 1024K, 22 young (22528K), 22 survivors (22528K)
 Metaspace       used 190677K, committed 192192K, reserved 1220608K
  class space    used 25696K, committed 26432K, reserved 1048576K
}
Event: 1163.609 GC heap before
{Heap before GC invocations=67 (full 0):
 garbage-first heap   total 533504K, used 292996K [0x0000000080000000, 0x0000000100000000)
  region size 1024K, 26 young (26624K), 22 survivors (22528K)
 Metaspace       used 191136K, committed 192640K, reserved 1220608K
  class space    used 25756K, committed 26496K, reserved 1048576K
}
Event: 1163.629 GC heap after
{Heap after GC invocations=68 (full 0):
 garbage-first heap   total 533504K, used 281792K [0x0000000080000000, 0x0000000100000000)
  region size 1024K, 2 young (2048K), 2 survivors (2048K)
 Metaspace       used 191136K, committed 192640K, reserved 1220608K
  class space    used 25756K, committed 26496K, reserved 1048576K
}
Event: 1164.133 GC heap before
{Heap before GC invocations=68 (full 0):
 garbage-first heap   total 533504K, used 311488K [0x0000000080000000, 0x0000000100000000)
  region size 1024K, 32 young (32768K), 2 survivors (2048K)
 Metaspace       used 195496K, committed 196992K, reserved 1220608K
  class space    used 26314K, committed 27072K, reserved 1048576K
}
Event: 1164.136 GC heap after
{Heap after GC invocations=69 (full 0):
 garbage-first heap   total 533504K, used 282007K [0x0000000080000000, 0x0000000100000000)
  region size 1024K, 3 young (3072K), 3 survivors (3072K)
 Metaspace       used 195496K, committed 196992K, reserved 1220608K
  class space    used 26314K, committed 27072K, reserved 1048576K
}
Event: 1166.384 GC heap before
{Heap before GC invocations=70 (full 0):
 garbage-first heap   total 533504K, used 439703K [0x0000000080000000, 0x0000000100000000)
  region size 1024K, 158 young (161792K), 3 survivors (3072K)
 Metaspace       used 209009K, committed 210560K, reserved 1236992K
  class space    used 27861K, committed 28608K, reserved 1048576K
}
Event: 1166.395 GC heap after
{Heap after GC invocations=71 (full 0):
 garbage-first heap   total 533504K, used 289329K [0x0000000080000000, 0x0000000100000000)
  region size 1024K, 12 young (12288K), 12 survivors (12288K)
 Metaspace       used 209009K, committed 210560K, reserved 1236992K
  class space    used 27861K, committed 28608K, reserved 1048576K
}
Event: 1166.645 GC heap before
{Heap before GC invocations=71 (full 0):
 garbage-first heap   total 533504K, used 302641K [0x0000000080000000, 0x0000000100000000)
  region size 1024K, 26 young (26624K), 12 survivors (12288K)
 Metaspace       used 211545K, committed 213120K, reserved 1236992K
  class space    used 28157K, committed 28928K, reserved 1048576K
}
Event: 1166.657 GC heap after
{Heap after GC invocations=72 (full 0):
 garbage-first heap   total 533504K, used 280678K [0x0000000080000000, 0x0000000100000000)
  region size 1024K, 2 young (2048K), 2 survivors (2048K)
 Metaspace       used 211545K, committed 213120K, reserved 1236992K
  class space    used 28157K, committed 28928K, reserved 1048576K
}
Event: 1167.650 GC heap before
{Heap before GC invocations=72 (full 0):
 garbage-first heap   total 533504K, used 357478K [0x0000000080000000, 0x0000000100000000)
  region size 1024K, 78 young (79872K), 2 survivors (2048K)
 Metaspace       used 219014K, committed 220544K, reserved 1245184K
  class space    used 28910K, committed 29632K, reserved 1048576K
}
Event: 1167.655 GC heap after
{Heap after GC invocations=73 (full 0):
 garbage-first heap   total 533504K, used 283281K [0x0000000080000000, 0x0000000100000000)
  region size 1024K, 4 young (4096K), 4 survivors (4096K)
 Metaspace       used 219014K, committed 220544K, reserved 1245184K
  class space    used 28910K, committed 29632K, reserved 1048576K
}
Event: 1169.653 GC heap before
{Heap before GC invocations=74 (full 0):
 garbage-first heap   total 533504K, used 454289K [0x0000000080000000, 0x0000000100000000)
  region size 1024K, 164 young (167936K), 4 survivors (4096K)
 Metaspace       used 229405K, committed 230912K, reserved 1253376K
  class space    used 30223K, committed 30976K, reserved 1048576K
}
Event: 1169.676 GC heap after
{Heap after GC invocations=75 (full 0):
 garbage-first heap   total 533504K, used 309104K [0x0000000080000000, 0x0000000100000000)
  region size 1024K, 21 young (21504K), 21 survivors (21504K)
 Metaspace       used 229405K, committed 230912K, reserved 1253376K
  class space    used 30223K, committed 30976K, reserved 1048576K
}
Event: 1169.706 GC heap before
{Heap before GC invocations=75 (full 0):
 garbage-first heap   total 533504K, used 314224K [0x0000000080000000, 0x0000000100000000)
  region size 1024K, 26 young (26624K), 21 survivors (21504K)
 Metaspace       used 229431K, committed 230976K, reserved 1253376K
  class space    used 30223K, committed 30976K, reserved 1048576K
}
Event: 1169.724 GC heap after
{Heap after GC invocations=76 (full 0):
 garbage-first heap   total 533504K, used 306663K [0x0000000080000000, 0x0000000100000000)
  region size 1024K, 3 young (3072K), 3 survivors (3072K)
 Metaspace       used 229431K, committed 230976K, reserved 1253376K
  class space    used 30223K, committed 30976K, reserved 1048576K
}
Event: 1169.901 GC heap before
{Heap before GC invocations=76 (full 0):
 garbage-first heap   total 533504K, used 323047K [0x0000000080000000, 0x0000000100000000)
  region size 1024K, 20 young (20480K), 3 survivors (3072K)
 Metaspace       used 229545K, committed 231040K, reserved 1253376K
  class space    used 30223K, committed 30976K, reserved 1048576K
}

