# JRE version: OpenJDK Runtime Environment (17.0.6) (build 17.0.6+0-b2043.56-10027231)
# Java VM: OpenJDK 64-Bit Server VM (17.0.6+0-b2043.56-10027231, mixed mode, tiered, compressed oops, compressed class ptrs, g1 gc, windows-amd64)
GC Precious Log:
 CPUs: 4 total, 4 available
 Memory: 8035M
 Large Page Support: Disabled
 NUMA Support: Disabled
 Compressed Oops: Enabled (32-bit)
 Heap Region Size: 1M
 Heap Min Capacity: 8M
 Heap Initial Capacity: 126M
 Heap Max Capacity: 2010M
 Pre-touch: Disabled
 Parallel Workers: 4
 Concurrent Workers: 1
 Concurrent Refinement Workers: 4
 Periodic GC: Disabled
Heap:
 garbage-first heap   total 119808K, used 69385K [0x0000000082600000, 0x0000000100000000)
  region size 1024K, 1 young (1024K), 1 survivors (1024K)
 Metaspace       used 69596K, committed 69952K, reserved 1114112K
  class space    used 7903K, committed 8064K, reserved 1048576K
GC Heap History (20 events):
Event: 4.963 GC heap after
{Heap after GC invocations=16 (full 0):
 garbage-first heap   total 79872K, used 44220K [0x0000000082600000, 0x0000000100000000)
  region size 1024K, 4 young (4096K), 4 survivors (4096K)
 Metaspace       used 52514K, committed 52800K, reserved 1097728K
  class space    used 6195K, committed 6336K, reserved 1048576K
}
Event: 5.186 GC heap before
{Heap before GC invocations=16 (full 0):
 garbage-first heap   total 79872K, used 61628K [0x0000000082600000, 0x0000000100000000)
  region size 1024K, 21 young (21504K), 4 survivors (4096K)
 Metaspace       used 52816K, committed 53120K, reserved 1097728K
  class space    used 6208K, committed 6336K, reserved 1048576K
}
Event: 5.201 GC heap after
{Heap after GC invocations=17 (full 0):
 garbage-first heap   total 102400K, used 47763K [0x0000000082600000, 0x0000000100000000)
  region size 1024K, 3 young (3072K), 3 survivors (3072K)
 Metaspace       used 52816K, committed 53120K, reserved 1097728K
  class space    used 6208K, committed 6336K, reserved 1048576K
}
Event: 5.343 GC heap before
{Heap before GC invocations=18 (full 0):
 garbage-first heap   total 102400K, used 77459K [0x0000000082600000, 0x0000000100000000)
  region size 1024K, 32 young (32768K), 3 survivors (3072K)
 Metaspace       used 52998K, committed 53248K, reserved 1097728K
  class space    used 6228K, committed 6336K, reserved 1048576K
}
Event: 5.348 GC heap after
{Heap after GC invocations=19 (full 0):
 garbage-first heap   total 102400K, used 48776K [0x0000000082600000, 0x0000000100000000)
  region size 1024K, 1 young (1024K), 1 survivors (1024K)
 Metaspace       used 52998K, committed 53248K, reserved 1097728K
  class space    used 6228K, committed 6336K, reserved 1048576K
}
Event: 5.881 GC heap before
{Heap before GC invocations=19 (full 0):
 garbage-first heap   total 102400K, used 78472K [0x0000000082600000, 0x0000000100000000)
  region size 1024K, 30 young (30720K), 1 survivors (1024K)
 Metaspace       used 55612K, committed 55872K, reserved 1105920K
  class space    used 6543K, committed 6656K, reserved 1048576K
}
Event: 5.886 GC heap after
{Heap after GC invocations=20 (full 0):
 garbage-first heap   total 102400K, used 50176K [0x0000000082600000, 0x0000000100000000)
  region size 1024K, 2 young (2048K), 2 survivors (2048K)
 Metaspace       used 55612K, committed 55872K, reserved 1105920K
  class space    used 6543K, committed 6656K, reserved 1048576K
}
Event: 6.333 GC heap before
{Heap before GC invocations=21 (full 0):
 garbage-first heap   total 102400K, used 64512K [0x0000000082600000, 0x0000000100000000)
  region size 1024K, 17 young (17408K), 2 survivors (2048K)
 Metaspace       used 57189K, committed 57472K, reserved 1105920K
  class space    used 6726K, committed 6848K, reserved 1048576K
}
Event: 6.342 GC heap after
{Heap after GC invocations=22 (full 0):
 garbage-first heap   total 102400K, used 53112K [0x0000000082600000, 0x0000000100000000)
  region size 1024K, 4 young (4096K), 4 survivors (4096K)
 Metaspace       used 57189K, committed 57472K, reserved 1105920K
  class space    used 6726K, committed 6848K, reserved 1048576K
}
Event: 7.346 GC heap before
{Heap before GC invocations=23 (full 0):
 garbage-first heap   total 102400K, used 81784K [0x0000000082600000, 0x0000000100000000)
  region size 1024K, 31 young (31744K), 4 survivors (4096K)
 Metaspace       used 59141K, committed 59392K, reserved 1105920K
  class space    used 6860K, committed 6976K, reserved 1048576K
}
Event: 7.358 GC heap after
{Heap after GC invocations=24 (full 0):
 garbage-first heap   total 102400K, used 56929K [0x0000000082600000, 0x0000000100000000)
  region size 1024K, 4 young (4096K), 4 survivors (4096K)
 Metaspace       used 59141K, committed 59392K, reserved 1105920K
  class space    used 6860K, committed 6976K, reserved 1048576K
}
Event: 8.181 GC heap before
{Heap before GC invocations=24 (full 0):
 garbage-first heap   total 102400K, used 81505K [0x0000000082600000, 0x0000000100000000)
  region size 1024K, 28 young (28672K), 4 survivors (4096K)
 Metaspace       used 61769K, committed 62080K, reserved 1105920K
  class space    used 7091K, committed 7232K, reserved 1048576K
}
Event: 8.192 GC heap after
{Heap after GC invocations=25 (full 0):
 garbage-first heap   total 102400K, used 59694K [0x0000000082600000, 0x0000000100000000)
  region size 1024K, 3 young (3072K), 3 survivors (3072K)
 Metaspace       used 61769K, committed 62080K, reserved 1105920K
  class space    used 7091K, committed 7232K, reserved 1048576K
}
Event: 8.725 GC heap before
{Heap before GC invocations=26 (full 0):
 garbage-first heap   total 102400K, used 81198K [0x0000000082600000, 0x0000000100000000)
  region size 1024K, 25 young (25600K), 3 survivors (3072K)
 Metaspace       used 65730K, committed 66048K, reserved 1114112K
  class space    used 7463K, committed 7616K, reserved 1048576K
}
Event: 8.733 GC heap after
{Heap after GC invocations=27 (full 0):
 garbage-first heap   total 102400K, used 62382K [0x0000000082600000, 0x0000000100000000)
  region size 1024K, 3 young (3072K), 3 survivors (3072K)
 Metaspace       used 65730K, committed 66048K, reserved 1114112K
  class space    used 7463K, committed 7616K, reserved 1048576K
}
Event: 9.116 GC heap before
{Heap before GC invocations=27 (full 0):
 garbage-first heap   total 102400K, used 82862K [0x0000000082600000, 0x0000000100000000)
  region size 1024K, 23 young (23552K), 3 survivors (3072K)
 Metaspace       used 66912K, committed 67264K, reserved 1114112K
  class space    used 7590K, committed 7744K, reserved 1048576K
}
Event: 9.127 GC heap after
{Heap after GC invocations=28 (full 0):
 garbage-first heap   total 102400K, used 66560K [0x0000000082600000, 0x0000000100000000)
  region size 1024K, 3 young (3072K), 3 survivors (3072K)
 Metaspace       used 66912K, committed 67264K, reserved 1114112K
  class space    used 7590K, committed 7744K, reserved 1048576K
}
Event: 9.480 GC heap before
{Heap before GC invocations=29 (full 0):
 garbage-first heap   total 119808K, used 81920K [0x0000000082600000, 0x0000000100000000)
  region size 1024K, 18 young (18432K), 3 survivors (3072K)
 Metaspace       used 69081K, committed 69376K, reserved 1114112K
  class space    used 7865K, committed 8000K, reserved 1048576K
}
Event: 9.490 GC heap after
{Heap after GC invocations=30 (full 0):
 garbage-first heap   total 119808K, used 69480K [0x0000000082600000, 0x0000000100000000)
  region size 1024K, 3 young (3072K), 3 survivors (3072K)
 Metaspace       used 69081K, committed 69376K, reserved 1114112K
  class space    used 7865K, committed 8000K, reserved 1048576K
}
Event: 9.540 GC heap before
{Heap before GC invocations=30 (full 0):
 garbage-first heap   total 119808K, used 71528K [0x0000000082600000, 0x0000000100000000)
  region size 1024K, 5 young (5120K), 3 survivors (3072K)
 Metaspace       used 69596K, committed 69952K, reserved 1114112K
  class space    used 7903K, committed 8064K, reserved 1048576K
}

