# JRE version: OpenJDK Runtime Environment (17.0.6) (build 17.0.6+0-b2043.56-10027231)
# Java VM: OpenJDK 64-Bit Server VM (17.0.6+0-b2043.56-10027231, mixed mode, tiered, compressed oops, compressed class ptrs, g1 gc, windows-amd64)
GC Precious Log:
 CPUs: 4 total, 4 available
 Memory: 8035M
 Large Page Support: Disabled
 NUMA Support: Disabled
 Compressed Oops: Enabled (32-bit)
 Heap Region Size: 1M
 Heap Min Capacity: 8M
 Heap Initial Capacity: 126M
 Heap Max Capacity: 2010M
 Pre-touch: Disabled
 Parallel Workers: 4
 Concurrent Workers: 1
 Concurrent Refinement Workers: 4
 Periodic GC: Disabled
Heap:
 garbage-first heap   total 149504K, used 83617K [0x0000000082600000, 0x0000000100000000)
  region size 1024K, 33 young (33792K), 8 survivors (8192K)
 Metaspace       used 72576K, committed 72896K, reserved 1114112K
  class space    used 8318K, committed 8448K, reserved 1048576K
GC Heap History (20 events):
Event: 2.634 GC heap before
{Heap before GC invocations=6 (full 0):
 garbage-first heap   total 45056K, used 34094K [0x0000000082600000, 0x0000000100000000)
  region size 1024K, 17 young (17408K), 1 survivors (1024K)
 Metaspace       used 31126K, committed 31360K, reserved 1081344K
  class space    used 3768K, committed 3904K, reserved 1048576K
}
Event: 2.639 GC heap after
{Heap after GC invocations=7 (full 0):
 garbage-first heap   total 69632K, used 21504K [0x0000000082600000, 0x0000000100000000)
  region size 1024K, 3 young (3072K), 3 survivors (3072K)
 Metaspace       used 31126K, committed 31360K, reserved 1081344K
  class space    used 3768K, committed 3904K, reserved 1048576K
}
Event: 3.019 GC heap before
{Heap before GC invocations=7 (full 0):
 garbage-first heap   total 69632K, used 45056K [0x0000000082600000, 0x0000000100000000)
  region size 1024K, 27 young (27648K), 3 survivors (3072K)
 Metaspace       used 35917K, committed 36096K, reserved 1081344K
  class space    used 4526K, committed 4608K, reserved 1048576K
}
Event: 3.029 GC heap after
{Heap after GC invocations=8 (full 0):
 garbage-first heap   total 69632K, used 25595K [0x0000000082600000, 0x0000000100000000)
  region size 1024K, 4 young (4096K), 4 survivors (4096K)
 Metaspace       used 35917K, committed 36096K, reserved 1081344K
  class space    used 4526K, committed 4608K, reserved 1048576K
}
Event: 3.419 GC heap before
{Heap before GC invocations=9 (full 0):
 garbage-first heap   total 69632K, used 50171K [0x0000000082600000, 0x0000000100000000)
  region size 1024K, 29 young (29696K), 4 survivors (4096K)
 Metaspace       used 41095K, committed 41280K, reserved 1089536K
  class space    used 5012K, committed 5120K, reserved 1048576K
}
Event: 3.429 GC heap after
{Heap after GC invocations=10 (full 0):
 garbage-first heap   total 69632K, used 26421K [0x0000000082600000, 0x0000000100000000)
  region size 1024K, 3 young (3072K), 3 survivors (3072K)
 Metaspace       used 41095K, committed 41280K, reserved 1089536K
  class space    used 5012K, committed 5120K, reserved 1048576K
}
Event: 3.447 GC heap before
{Heap before GC invocations=10 (full 0):
 garbage-first heap   total 69632K, used 27445K [0x0000000082600000, 0x0000000100000000)
  region size 1024K, 4 young (4096K), 3 survivors (3072K)
 Metaspace       used 41313K, committed 41472K, reserved 1089536K
  class space    used 5035K, committed 5120K, reserved 1048576K
}
Event: 3.452 GC heap after
{Heap after GC invocations=11 (full 0):
 garbage-first heap   total 69632K, used 26847K [0x0000000082600000, 0x0000000100000000)
  region size 1024K, 1 young (1024K), 1 survivors (1024K)
 Metaspace       used 41313K, committed 41472K, reserved 1089536K
  class space    used 5035K, committed 5120K, reserved 1048576K
}
Event: 3.919 GC heap before
{Heap before GC invocations=11 (full 0):
 garbage-first heap   total 69632K, used 50399K [0x0000000082600000, 0x0000000100000000)
  region size 1024K, 25 young (25600K), 1 survivors (1024K)
 Metaspace       used 47482K, committed 47744K, reserved 1097728K
  class space    used 5790K, committed 5888K, reserved 1048576K
}
Event: 3.926 GC heap after
{Heap after GC invocations=12 (full 0):
 garbage-first heap   total 123904K, used 28154K [0x0000000082600000, 0x0000000100000000)
  region size 1024K, 2 young (2048K), 2 survivors (2048K)
 Metaspace       used 47482K, committed 47744K, reserved 1097728K
  class space    used 5790K, committed 5888K, reserved 1048576K
}
Event: 4.785 GC heap before
{Heap before GC invocations=12 (full 0):
 garbage-first heap   total 123904K, used 92666K [0x0000000082600000, 0x0000000100000000)
  region size 1024K, 62 young (63488K), 2 survivors (2048K)
 Metaspace       used 51747K, committed 51968K, reserved 1097728K
  class space    used 6162K, committed 6272K, reserved 1048576K
}
Event: 4.800 GC heap after
{Heap after GC invocations=13 (full 0):
 garbage-first heap   total 123904K, used 38565K [0x0000000082600000, 0x0000000100000000)
  region size 1024K, 8 young (8192K), 8 survivors (8192K)
 Metaspace       used 51747K, committed 51968K, reserved 1097728K
  class space    used 6162K, committed 6272K, reserved 1048576K
}
Event: 5.463 GC heap before
{Heap before GC invocations=13 (full 0):
 garbage-first heap   total 123904K, used 90789K [0x0000000082600000, 0x0000000100000000)
  region size 1024K, 59 young (60416K), 8 survivors (8192K)
 Metaspace       used 52900K, committed 53184K, reserved 1097728K
  class space    used 6222K, committed 6336K, reserved 1048576K
}
Event: 5.484 GC heap after
{Heap after GC invocations=14 (full 0):
 garbage-first heap   total 123904K, used 45632K [0x0000000082600000, 0x0000000100000000)
  region size 1024K, 7 young (7168K), 7 survivors (7168K)
 Metaspace       used 52900K, committed 53184K, reserved 1097728K
  class space    used 6222K, committed 6336K, reserved 1048576K
}
Event: 6.617 GC heap before
{Heap before GC invocations=14 (full 0):
 garbage-first heap   total 123904K, used 92736K [0x0000000082600000, 0x0000000100000000)
  region size 1024K, 53 young (54272K), 7 survivors (7168K)
 Metaspace       used 57908K, committed 58176K, reserved 1105920K
  class space    used 6759K, committed 6912K, reserved 1048576K
}
Event: 6.637 GC heap after
{Heap after GC invocations=15 (full 0):
 garbage-first heap   total 123904K, used 51200K [0x0000000082600000, 0x0000000100000000)
  region size 1024K, 6 young (6144K), 6 survivors (6144K)
 Metaspace       used 57908K, committed 58176K, reserved 1105920K
  class space    used 6759K, committed 6912K, reserved 1048576K
}
Event: 6.870 GC heap before
{Heap before GC invocations=15 (full 0):
 garbage-first heap   total 123904K, used 60416K [0x0000000082600000, 0x0000000100000000)
  region size 1024K, 16 young (16384K), 6 survivors (6144K)
 Metaspace       used 60124K, committed 60416K, reserved 1105920K
  class space    used 7007K, committed 7104K, reserved 1048576K
}
Event: 6.878 GC heap after
{Heap after GC invocations=16 (full 0):
 garbage-first heap   total 149504K, used 52736K [0x0000000082600000, 0x0000000100000000)
  region size 1024K, 2 young (2048K), 2 survivors (2048K)
 Metaspace       used 60124K, committed 60416K, reserved 1105920K
  class space    used 7007K, committed 7104K, reserved 1048576K
}
Event: 8.018 GC heap before
{Heap before GC invocations=17 (full 0):
 garbage-first heap   total 149504K, used 114176K [0x0000000082600000, 0x0000000100000000)
  region size 1024K, 62 young (63488K), 2 survivors (2048K)
 Metaspace       used 69448K, committed 69760K, reserved 1114112K
  class space    used 7989K, committed 8128K, reserved 1048576K
}
Event: 8.028 GC heap after
{Heap after GC invocations=18 (full 0):
 garbage-first heap   total 149504K, used 59041K [0x0000000082600000, 0x0000000100000000)
  region size 1024K, 8 young (8192K), 8 survivors (8192K)
 Metaspace       used 69448K, committed 69760K, reserved 1114112K
  class space    used 7989K, committed 8128K, reserved 1048576K
}

