# JRE version: OpenJDK Runtime Environment (17.0.6) (build 17.0.6+0-b2043.56-10027231)
# Java VM: OpenJDK 64-Bit Server VM (17.0.6+0-b2043.56-10027231, mixed mode, tiered, compressed oops, compressed class ptrs, g1 gc, windows-amd64)
GC Precious Log:
 CPUs: 4 total, 4 available
 Memory: 8035M
 Large Page Support: Disabled
 NUMA Support: Disabled
 Compressed Oops: Enabled (32-bit)
 Heap Region Size: 1M
 Heap Min Capacity: 8M
 Heap Initial Capacity: 126M
 Heap Max Capacity: 2010M
 Pre-touch: Disabled
 Parallel Workers: 4
 Concurrent Workers: 1
 Concurrent Refinement Workers: 4
 Periodic GC: Disabled
Heap:
 garbage-first heap   total 129024K, used 50226K [0x0000000082600000, 0x0000000100000000)
  region size 1024K, 3 young (3072K), 3 survivors (3072K)
 Metaspace       used 55223K, committed 55488K, reserved 1105920K
  class space    used 6530K, committed 6656K, reserved 1048576K
GC Heap History (20 events):
Event: 3.926 GC heap after
{Heap after GC invocations=8 (full 0):
 garbage-first heap   total 72704K, used 25655K [0x0000000082600000, 0x0000000100000000)
  region size 1024K, 4 young (4096K), 4 survivors (4096K)
 Metaspace       used 35802K, committed 35968K, reserved 1081344K
  class space    used 4524K, committed 4608K, reserved 1048576K
}
Event: 4.354 GC heap before
{Heap before GC invocations=9 (full 0):
 garbage-first heap   total 72704K, used 52279K [0x0000000082600000, 0x0000000100000000)
  region size 1024K, 30 young (30720K), 4 survivors (4096K)
 Metaspace       used 41062K, committed 41280K, reserved 1089536K
  class space    used 5021K, committed 5120K, reserved 1048576K
}
Event: 4.363 GC heap after
{Heap after GC invocations=10 (full 0):
 garbage-first heap   total 72704K, used 27169K [0x0000000082600000, 0x0000000100000000)
  region size 1024K, 4 young (4096K), 4 survivors (4096K)
 Metaspace       used 41062K, committed 41280K, reserved 1089536K
  class space    used 5021K, committed 5120K, reserved 1048576K
}
Event: 4.855 GC heap before
{Heap before GC invocations=10 (full 0):
 garbage-first heap   total 72704K, used 51745K [0x0000000082600000, 0x0000000100000000)
  region size 1024K, 29 young (29696K), 4 survivors (4096K)
 Metaspace       used 47573K, committed 47808K, reserved 1097728K
  class space    used 5804K, committed 5888K, reserved 1048576K
}
Event: 4.863 GC heap after
{Heap after GC invocations=11 (full 0):
 garbage-first heap   total 72704K, used 29006K [0x0000000082600000, 0x0000000100000000)
  region size 1024K, 2 young (2048K), 2 survivors (2048K)
 Metaspace       used 47573K, committed 47808K, reserved 1097728K
  class space    used 5804K, committed 5888K, reserved 1048576K
}
Event: 5.106 GC heap before
{Heap before GC invocations=11 (full 0):
 garbage-first heap   total 72704K, used 56654K [0x0000000082600000, 0x0000000100000000)
  region size 1024K, 27 young (27648K), 2 survivors (2048K)
 Metaspace       used 48632K, committed 48832K, reserved 1097728K
  class space    used 5898K, committed 5952K, reserved 1048576K
}
Event: 5.118 GC heap after
{Heap after GC invocations=12 (full 0):
 garbage-first heap   total 72704K, used 37446K [0x0000000082600000, 0x0000000100000000)
  region size 1024K, 4 young (4096K), 4 survivors (4096K)
 Metaspace       used 48632K, committed 48832K, reserved 1097728K
  class space    used 5898K, committed 5952K, reserved 1048576K
}
Event: 5.282 GC heap before
{Heap before GC invocations=12 (full 0):
 garbage-first heap   total 72704K, used 54854K [0x0000000082600000, 0x0000000100000000)
  region size 1024K, 21 young (21504K), 4 survivors (4096K)
 Metaspace       used 49928K, committed 50176K, reserved 1097728K
  class space    used 6037K, committed 6144K, reserved 1048576K
}
Event: 5.292 GC heap after
{Heap after GC invocations=13 (full 0):
 garbage-first heap   total 88064K, used 39833K [0x0000000082600000, 0x0000000100000000)
  region size 1024K, 2 young (2048K), 2 survivors (2048K)
 Metaspace       used 49928K, committed 50176K, reserved 1097728K
  class space    used 6037K, committed 6144K, reserved 1048576K
}
Event: 5.940 GC heap before
{Heap before GC invocations=14 (full 0):
 garbage-first heap   total 88064K, used 66457K [0x0000000082600000, 0x0000000100000000)
  region size 1024K, 28 young (28672K), 2 survivors (2048K)
 Metaspace       used 51878K, committed 52160K, reserved 1097728K
  class space    used 6179K, committed 6336K, reserved 1048576K
}
Event: 5.950 GC heap after
{Heap after GC invocations=15 (full 0):
 garbage-first heap   total 88064K, used 44865K [0x0000000082600000, 0x0000000100000000)
  region size 1024K, 4 young (4096K), 4 survivors (4096K)
 Metaspace       used 51878K, committed 52160K, reserved 1097728K
  class space    used 6179K, committed 6336K, reserved 1048576K
}
Event: 5.964 GC heap before
{Heap before GC invocations=15 (full 0):
 garbage-first heap   total 88064K, used 45889K [0x0000000082600000, 0x0000000100000000)
  region size 1024K, 5 young (5120K), 4 survivors (4096K)
 Metaspace       used 51889K, committed 52160K, reserved 1097728K
  class space    used 6179K, committed 6336K, reserved 1048576K
}
Event: 5.971 GC heap after
{Heap after GC invocations=16 (full 0):
 garbage-first heap   total 88064K, used 45014K [0x0000000082600000, 0x0000000100000000)
  region size 1024K, 1 young (1024K), 1 survivors (1024K)
 Metaspace       used 51889K, committed 52160K, reserved 1097728K
  class space    used 6179K, committed 6336K, reserved 1048576K
}
Event: 6.244 GC heap before
{Heap before GC invocations=16 (full 0):
 garbage-first heap   total 88064K, used 67542K [0x0000000082600000, 0x0000000100000000)
  region size 1024K, 23 young (23552K), 1 survivors (1024K)
 Metaspace       used 52373K, committed 52672K, reserved 1097728K
  class space    used 6203K, committed 6336K, reserved 1048576K
}
Event: 6.253 GC heap after
{Heap after GC invocations=17 (full 0):
 garbage-first heap   total 88064K, used 49152K [0x0000000082600000, 0x0000000100000000)
  region size 1024K, 3 young (3072K), 3 survivors (3072K)
 Metaspace       used 52373K, committed 52672K, reserved 1097728K
  class space    used 6203K, committed 6336K, reserved 1048576K
}
Event: 6.355 GC heap before
{Heap before GC invocations=18 (full 0):
 garbage-first heap   total 88064K, used 67584K [0x0000000082600000, 0x0000000100000000)
  region size 1024K, 22 young (22528K), 3 survivors (3072K)
 Metaspace       used 52645K, committed 52928K, reserved 1097728K
  class space    used 6223K, committed 6336K, reserved 1048576K
}
Event: 6.361 GC heap after
{Heap after GC invocations=19 (full 0):
 garbage-first heap   total 88064K, used 49110K [0x0000000082600000, 0x0000000100000000)
  region size 1024K, 1 young (1024K), 1 survivors (1024K)
 Metaspace       used 52645K, committed 52928K, reserved 1097728K
  class space    used 6223K, committed 6336K, reserved 1048576K
}
Event: 6.367 GC heap before
{Heap before GC invocations=19 (full 0):
 garbage-first heap   total 88064K, used 52182K [0x0000000082600000, 0x0000000100000000)
  region size 1024K, 4 young (4096K), 1 survivors (1024K)
 Metaspace       used 52645K, committed 52928K, reserved 1097728K
  class space    used 6223K, committed 6336K, reserved 1048576K
}
Event: 6.373 GC heap after
{Heap after GC invocations=20 (full 0):
 garbage-first heap   total 88064K, used 48585K [0x0000000082600000, 0x0000000100000000)
  region size 1024K, 1 young (1024K), 1 survivors (1024K)
 Metaspace       used 52645K, committed 52928K, reserved 1097728K
  class space    used 6223K, committed 6336K, reserved 1048576K
}
Event: 6.640 GC heap before
{Heap before GC invocations=20 (full 0):
 garbage-first heap   total 88064K, used 69065K [0x0000000082600000, 0x0000000100000000)
  region size 1024K, 21 young (21504K), 1 survivors (1024K)
 Metaspace       used 55223K, committed 55488K, reserved 1105920K
  class space    used 6530K, committed 6656K, reserved 1048576K
}

