# JRE version: OpenJDK Runtime Environment (17.0.6) (build 17.0.6+0-b2043.56-10027231)
# Java VM: OpenJDK 64-Bit Server VM (17.0.6+0-b2043.56-10027231, mixed mode, tiered, compressed oops, compressed class ptrs, g1 gc, windows-amd64)
GC Precious Log:
 CPUs: 4 total, 4 available
 Memory: 8035M
 Large Page Support: Disabled
 NUMA Support: Disabled
 Compressed Oops: Enabled (32-bit)
 Heap Region Size: 1M
 Heap Min Capacity: 8M
 Heap Initial Capacity: 126M
 Heap Max Capacity: 2010M
 Pre-touch: Disabled
 Parallel Workers: 4
 Concurrent Workers: 1
 Concurrent Refinement Workers: 4
 Periodic GC: Disabled
Heap:
 garbage-first heap   total 102400K, used 34982K [0x0000000082600000, 0x0000000100000000)
  region size 1024K, 4 young (4096K), 4 survivors (4096K)
 Metaspace       used 48708K, committed 48896K, reserved 1097728K
  class space    used 5896K, committed 5952K, reserved 1048576K
GC Heap History (20 events):
Event: 0.444 GC heap after
{Heap after GC invocations=1 (full 0):
 garbage-first heap   total 129024K, used 6220K [0x0000000082600000, 0x0000000100000000)
  region size 1024K, 2 young (2048K), 2 survivors (2048K)
 Metaspace       used 10453K, committed 10560K, reserved 1064960K
  class space    used 902K, committed 960K, reserved 1048576K
}
Event: 0.756 GC heap before
{Heap before GC invocations=1 (full 0):
 garbage-first heap   total 129024K, used 23628K [0x0000000082600000, 0x0000000100000000)
  region size 1024K, 19 young (19456K), 2 survivors (2048K)
 Metaspace       used 14586K, committed 14720K, reserved 1064960K
  class space    used 1453K, committed 1536K, reserved 1048576K
}
Event: 0.759 GC heap after
{Heap after GC invocations=2 (full 0):
 garbage-first heap   total 129024K, used 7977K [0x0000000082600000, 0x0000000100000000)
  region size 1024K, 2 young (2048K), 2 survivors (2048K)
 Metaspace       used 14586K, committed 14720K, reserved 1064960K
  class space    used 1453K, committed 1536K, reserved 1048576K
}
Event: 1.211 GC heap before
{Heap before GC invocations=2 (full 0):
 garbage-first heap   total 129024K, used 32553K [0x0000000082600000, 0x0000000100000000)
  region size 1024K, 27 young (27648K), 2 survivors (2048K)
 Metaspace       used 21311K, committed 21504K, reserved 1073152K
  class space    used 2323K, committed 2432K, reserved 1048576K
}
Event: 1.216 GC heap after
{Heap after GC invocations=3 (full 0):
 garbage-first heap   total 129024K, used 10373K [0x0000000082600000, 0x0000000100000000)
  region size 1024K, 5 young (5120K), 5 survivors (5120K)
 Metaspace       used 21311K, committed 21504K, reserved 1073152K
  class space    used 2323K, committed 2432K, reserved 1048576K
}
Event: 1.628 GC heap before
{Heap before GC invocations=4 (full 0):
 garbage-first heap   total 45056K, used 35973K [0x0000000082600000, 0x0000000100000000)
  region size 1024K, 26 young (26624K), 5 survivors (5120K)
 Metaspace       used 27625K, committed 27840K, reserved 1081344K
  class space    used 3044K, committed 3136K, reserved 1048576K
}
Event: 1.636 GC heap after
{Heap after GC invocations=5 (full 0):
 garbage-first heap   total 45056K, used 16574K [0x0000000082600000, 0x0000000100000000)
  region size 1024K, 3 young (3072K), 3 survivors (3072K)
 Metaspace       used 27625K, committed 27840K, reserved 1081344K
  class space    used 3044K, committed 3136K, reserved 1048576K
}
Event: 1.652 GC heap before
{Heap before GC invocations=5 (full 0):
 garbage-first heap   total 45056K, used 17598K [0x0000000082600000, 0x0000000100000000)
  region size 1024K, 4 young (4096K), 3 survivors (3072K)
 Metaspace       used 27867K, committed 28096K, reserved 1081344K
  class space    used 3073K, committed 3200K, reserved 1048576K
}
Event: 1.655 GC heap after
{Heap after GC invocations=6 (full 0):
 garbage-first heap   total 45056K, used 16695K [0x0000000082600000, 0x0000000100000000)
  region size 1024K, 1 young (1024K), 1 survivors (1024K)
 Metaspace       used 27867K, committed 28096K, reserved 1081344K
  class space    used 3073K, committed 3200K, reserved 1048576K
}
Event: 1.970 GC heap before
{Heap before GC invocations=6 (full 0):
 garbage-first heap   total 45056K, used 33079K [0x0000000082600000, 0x0000000100000000)
  region size 1024K, 17 young (17408K), 1 survivors (1024K)
 Metaspace       used 31025K, committed 31296K, reserved 1081344K
  class space    used 3767K, committed 3904K, reserved 1048576K
}
Event: 1.975 GC heap after
{Heap after GC invocations=7 (full 0):
 garbage-first heap   total 68608K, used 19456K [0x0000000082600000, 0x0000000100000000)
  region size 1024K, 3 young (3072K), 3 survivors (3072K)
 Metaspace       used 31025K, committed 31296K, reserved 1081344K
  class space    used 3767K, committed 3904K, reserved 1048576K
}
Event: 2.388 GC heap before
{Heap before GC invocations=7 (full 0):
 garbage-first heap   total 68608K, used 49152K [0x0000000082600000, 0x0000000100000000)
  region size 1024K, 31 young (31744K), 3 survivors (3072K)
 Metaspace       used 35764K, committed 35968K, reserved 1081344K
  class space    used 4515K, committed 4608K, reserved 1048576K
}
Event: 2.398 GC heap after
{Heap after GC invocations=8 (full 0):
 garbage-first heap   total 68608K, used 26297K [0x0000000082600000, 0x0000000100000000)
  region size 1024K, 5 young (5120K), 5 survivors (5120K)
 Metaspace       used 35764K, committed 35968K, reserved 1081344K
  class space    used 4515K, committed 4608K, reserved 1048576K
}
Event: 2.752 GC heap before
{Heap before GC invocations=9 (full 0):
 garbage-first heap   total 68608K, used 48825K [0x0000000082600000, 0x0000000100000000)
  region size 1024K, 28 young (28672K), 5 survivors (5120K)
 Metaspace       used 40251K, committed 40448K, reserved 1089536K
  class space    used 4965K, committed 5056K, reserved 1048576K
}
Event: 2.761 GC heap after
{Heap after GC invocations=10 (full 0):
 garbage-first heap   total 68608K, used 26857K [0x0000000082600000, 0x0000000100000000)
  region size 1024K, 3 young (3072K), 3 survivors (3072K)
 Metaspace       used 40251K, committed 40448K, reserved 1089536K
  class space    used 4965K, committed 5056K, reserved 1048576K
}
Event: 2.779 GC heap before
{Heap before GC invocations=10 (full 0):
 garbage-first heap   total 68608K, used 27881K [0x0000000082600000, 0x0000000100000000)
  region size 1024K, 4 young (4096K), 3 survivors (3072K)
 Metaspace       used 40576K, committed 40768K, reserved 1089536K
  class space    used 4985K, committed 5056K, reserved 1048576K
}
Event: 2.784 GC heap after
{Heap after GC invocations=11 (full 0):
 garbage-first heap   total 68608K, used 26967K [0x0000000082600000, 0x0000000100000000)
  region size 1024K, 1 young (1024K), 1 survivors (1024K)
 Metaspace       used 40576K, committed 40768K, reserved 1089536K
  class space    used 4985K, committed 5056K, reserved 1048576K
}
Event: 3.240 GC heap before
{Heap before GC invocations=11 (full 0):
 garbage-first heap   total 68608K, used 49495K [0x0000000082600000, 0x0000000100000000)
  region size 1024K, 24 young (24576K), 1 survivors (1024K)
 Metaspace       used 46594K, committed 46784K, reserved 1097728K
  class space    used 5676K, committed 5760K, reserved 1048576K
}
Event: 3.248 GC heap after
{Heap after GC invocations=12 (full 0):
 garbage-first heap   total 68608K, used 28381K [0x0000000082600000, 0x0000000100000000)
  region size 1024K, 2 young (2048K), 2 survivors (2048K)
 Metaspace       used 46594K, committed 46784K, reserved 1097728K
  class space    used 5676K, committed 5760K, reserved 1048576K
}
Event: 3.557 GC heap before
{Heap before GC invocations=12 (full 0):
 garbage-first heap   total 68608K, used 53981K [0x0000000082600000, 0x0000000100000000)
  region size 1024K, 25 young (25600K), 2 survivors (2048K)
 Metaspace       used 48708K, committed 48896K, reserved 1097728K
  class space    used 5896K, committed 5952K, reserved 1048576K
}

