# JRE version: OpenJDK Runtime Environment (17.0.6) (build 17.0.6+0-b2043.56-10027231)
# Java VM: OpenJDK 64-Bit Server VM (17.0.6+0-b2043.56-10027231, mixed mode, tiered, compressed oops, compressed class ptrs, g1 gc, windows-amd64)
GC Precious Log:
 CPUs: 4 total, 4 available
 Memory: 8035M
 Large Page Support: Disabled
 NUMA Support: Disabled
 Compressed Oops: Enabled (32-bit)
 Heap Region Size: 1M
 Heap Min Capacity: 8M
 Heap Initial Capacity: 126M
 Heap Max Capacity: 2010M
 Pre-touch: Disabled
 Parallel Workers: 4
 Concurrent Workers: 1
 Concurrent Refinement Workers: 4
 Periodic GC: Disabled
Heap:
 garbage-first heap   total 129024K, used 41633K [0x0000000082600000, 0x0000000100000000)
  region size 1024K, 3 young (3072K), 3 survivors (3072K)
 Metaspace       used 52240K, committed 52544K, reserved 1097728K
  class space    used 6184K, committed 6336K, reserved 1048576K
GC Heap History (20 events):
Event: 2.534 GC heap after
{Heap after GC invocations=9 (full 0):
 garbage-first heap   total 54272K, used 27273K [0x0000000082600000, 0x0000000100000000)
  region size 1024K, 1 young (1024K), 1 survivors (1024K)
 Metaspace       used 35934K, committed 36096K, reserved 1081344K
  class space    used 4521K, committed 4608K, reserved 1048576K
}
Event: 2.769 GC heap before
{Heap before GC invocations=10 (full 0):
 garbage-first heap   total 54272K, used 37513K [0x0000000082600000, 0x0000000100000000)
  region size 1024K, 12 young (12288K), 1 survivors (1024K)
 Metaspace       used 37960K, committed 38208K, reserved 1089536K
  class space    used 4763K, committed 4864K, reserved 1048576K
}
Event: 2.772 GC heap after
{Heap after GC invocations=11 (full 0):
 garbage-first heap   total 54272K, used 26317K [0x0000000082600000, 0x0000000100000000)
  region size 1024K, 2 young (2048K), 2 survivors (2048K)
 Metaspace       used 37960K, committed 38208K, reserved 1089536K
  class space    used 4763K, committed 4864K, reserved 1048576K
}
Event: 3.046 GC heap before
{Heap before GC invocations=11 (full 0):
 garbage-first heap   total 54272K, used 39629K [0x0000000082600000, 0x0000000100000000)
  region size 1024K, 15 young (15360K), 2 survivors (2048K)
 Metaspace       used 40705K, committed 40896K, reserved 1089536K
  class space    used 4980K, committed 5056K, reserved 1048576K
}
Event: 3.050 GC heap after
{Heap after GC invocations=12 (full 0):
 garbage-first heap   total 54272K, used 27885K [0x0000000082600000, 0x0000000100000000)
  region size 1024K, 2 young (2048K), 2 survivors (2048K)
 Metaspace       used 40705K, committed 40896K, reserved 1089536K
  class space    used 4980K, committed 5056K, reserved 1048576K
}
Event: 3.248 GC heap before
{Heap before GC invocations=13 (full 0):
 garbage-first heap   total 54272K, used 39149K [0x0000000082600000, 0x0000000100000000)
  region size 1024K, 14 young (14336K), 2 survivors (2048K)
 Metaspace       used 43010K, committed 43200K, reserved 1089536K
  class space    used 5227K, committed 5312K, reserved 1048576K
}
Event: 3.251 GC heap after
{Heap after GC invocations=14 (full 0):
 garbage-first heap   total 54272K, used 29043K [0x0000000082600000, 0x0000000100000000)
  region size 1024K, 2 young (2048K), 2 survivors (2048K)
 Metaspace       used 43010K, committed 43200K, reserved 1089536K
  class space    used 5227K, committed 5312K, reserved 1048576K
}
Event: 3.530 GC heap before
{Heap before GC invocations=14 (full 0):
 garbage-first heap   total 54272K, used 40307K [0x0000000082600000, 0x0000000100000000)
  region size 1024K, 13 young (13312K), 2 survivors (2048K)
 Metaspace       used 46615K, committed 46848K, reserved 1097728K
  class space    used 5661K, committed 5760K, reserved 1048576K
}
Event: 3.534 GC heap after
{Heap after GC invocations=15 (full 0):
 garbage-first heap   total 66560K, used 29982K [0x0000000082600000, 0x0000000100000000)
  region size 1024K, 1 young (1024K), 1 survivors (1024K)
 Metaspace       used 46615K, committed 46848K, reserved 1097728K
  class space    used 5661K, committed 5760K, reserved 1048576K
}
Event: 3.911 GC heap before
{Heap before GC invocations=16 (full 0):
 garbage-first heap   total 66560K, used 52510K [0x0000000082600000, 0x0000000100000000)
  region size 1024K, 20 young (20480K), 1 survivors (1024K)
 Metaspace       used 48770K, committed 48960K, reserved 1097728K
  class space    used 5896K, committed 5952K, reserved 1048576K
}
Event: 3.917 GC heap after
{Heap after GC invocations=17 (full 0):
 garbage-first heap   total 66560K, used 36898K [0x0000000082600000, 0x0000000100000000)
  region size 1024K, 3 young (3072K), 3 survivors (3072K)
 Metaspace       used 48770K, committed 48960K, reserved 1097728K
  class space    used 5896K, committed 5952K, reserved 1048576K
}
Event: 3.925 GC heap before
{Heap before GC invocations=17 (full 0):
 garbage-first heap   total 66560K, used 37922K [0x0000000082600000, 0x0000000100000000)
  region size 1024K, 4 young (4096K), 3 survivors (3072K)
 Metaspace       used 48772K, committed 48960K, reserved 1097728K
  class space    used 5896K, committed 5952K, reserved 1048576K
}
Event: 3.929 GC heap after
{Heap after GC invocations=18 (full 0):
 garbage-first heap   total 66560K, used 36223K [0x0000000082600000, 0x0000000100000000)
  region size 1024K, 1 young (1024K), 1 survivors (1024K)
 Metaspace       used 48772K, committed 48960K, reserved 1097728K
  class space    used 5896K, committed 5952K, reserved 1048576K
}
Event: 3.978 GC heap before
{Heap before GC invocations=18 (full 0):
 garbage-first heap   total 66560K, used 51583K [0x0000000082600000, 0x0000000100000000)
  region size 1024K, 16 young (16384K), 1 survivors (1024K)
 Metaspace       used 48924K, committed 49088K, reserved 1097728K
  class space    used 5896K, committed 5952K, reserved 1048576K
}
Event: 3.979 GC heap after
{Heap after GC invocations=19 (full 0):
 garbage-first heap   total 66560K, used 36471K [0x0000000082600000, 0x0000000100000000)
  region size 1024K, 1 young (1024K), 1 survivors (1024K)
 Metaspace       used 48924K, committed 49088K, reserved 1097728K
  class space    used 5896K, committed 5952K, reserved 1048576K
}
Event: 4.286 GC heap before
{Heap before GC invocations=20 (full 0):
 garbage-first heap   total 73728K, used 51831K [0x0000000082600000, 0x0000000100000000)
  region size 1024K, 16 young (16384K), 1 survivors (1024K)
 Metaspace       used 50659K, committed 50880K, reserved 1097728K
  class space    used 6091K, committed 6208K, reserved 1048576K
}
Event: 4.291 GC heap after
{Heap after GC invocations=21 (full 0):
 garbage-first heap   total 73728K, used 38262K [0x0000000082600000, 0x0000000100000000)
  region size 1024K, 2 young (2048K), 2 survivors (2048K)
 Metaspace       used 50659K, committed 50880K, reserved 1097728K
  class space    used 6091K, committed 6208K, reserved 1048576K
}
Event: 4.309 GC heap before
{Heap before GC invocations=21 (full 0):
 garbage-first heap   total 73728K, used 39286K [0x0000000082600000, 0x0000000100000000)
  region size 1024K, 3 young (3072K), 2 survivors (2048K)
 Metaspace       used 50735K, committed 51008K, reserved 1097728K
  class space    used 6104K, committed 6272K, reserved 1048576K
}
Event: 4.314 GC heap after
{Heap after GC invocations=22 (full 0):
 garbage-first heap   total 73728K, used 38618K [0x0000000082600000, 0x0000000100000000)
  region size 1024K, 1 young (1024K), 1 survivors (1024K)
 Metaspace       used 50735K, committed 51008K, reserved 1097728K
  class space    used 6104K, committed 6272K, reserved 1048576K
}
Event: 5.174 GC heap before
{Heap before GC invocations=22 (full 0):
 garbage-first heap   total 73728K, used 57050K [0x0000000082600000, 0x0000000100000000)
  region size 1024K, 19 young (19456K), 1 survivors (1024K)
 Metaspace       used 52240K, committed 52544K, reserved 1097728K
  class space    used 6184K, committed 6336K, reserved 1048576K
}

