# JRE version: OpenJDK Runtime Environment (17.0.6) (build 17.0.6+0-b2043.56-10027231)
# Java VM: OpenJDK 64-Bit Server VM (17.0.6+0-b2043.56-10027231, mixed mode, tiered, compressed oops, compressed class ptrs, g1 gc, windows-amd64)
GC Precious Log:
 CPUs: 4 total, 4 available
 Memory: 8035M
 Large Page Support: Disabled
 NUMA Support: Disabled
 Compressed Oops: Enabled (32-bit)
 Heap Region Size: 1M
 Heap Min Capacity: 8M
 Heap Initial Capacity: 126M
 Heap Max Capacity: 2010M
 Pre-touch: Disabled
 Parallel Workers: 4
 Concurrent Workers: 1
 Concurrent Refinement Workers: 4
 Periodic GC: Disabled
Heap:
 garbage-first heap   total 102400K, used 35253K [0x0000000082600000, 0x0000000100000000)
  region size 1024K, 1 young (1024K), 1 survivors (1024K)
 Metaspace       used 48903K, committed 49088K, reserved 1097728K
  class space    used 5896K, committed 5952K, reserved 1048576K
GC Heap History (20 events):
Event: 1.272 GC heap after
{Heap after GC invocations=3 (full 0):
 garbage-first heap   total 129024K, used 10398K [0x0000000082600000, 0x0000000100000000)
  region size 1024K, 5 young (5120K), 5 survivors (5120K)
 Metaspace       used 21314K, committed 21504K, reserved 1073152K
  class space    used 2323K, committed 2432K, reserved 1048576K
}
Event: 1.670 GC heap before
{Heap before GC invocations=4 (full 0):
 garbage-first heap   total 45056K, used 34974K [0x0000000082600000, 0x0000000100000000)
  region size 1024K, 26 young (26624K), 5 survivors (5120K)
 Metaspace       used 27631K, committed 27840K, reserved 1081344K
  class space    used 3042K, committed 3136K, reserved 1048576K
}
Event: 1.679 GC heap after
{Heap after GC invocations=5 (full 0):
 garbage-first heap   total 45056K, used 16607K [0x0000000082600000, 0x0000000100000000)
  region size 1024K, 3 young (3072K), 3 survivors (3072K)
 Metaspace       used 27631K, committed 27840K, reserved 1081344K
  class space    used 3042K, committed 3136K, reserved 1048576K
}
Event: 1.698 GC heap before
{Heap before GC invocations=5 (full 0):
 garbage-first heap   total 45056K, used 17631K [0x0000000082600000, 0x0000000100000000)
  region size 1024K, 4 young (4096K), 3 survivors (3072K)
 Metaspace       used 27888K, committed 28096K, reserved 1081344K
  class space    used 3070K, committed 3200K, reserved 1048576K
}
Event: 1.701 GC heap after
{Heap after GC invocations=6 (full 0):
 garbage-first heap   total 45056K, used 16693K [0x0000000082600000, 0x0000000100000000)
  region size 1024K, 1 young (1024K), 1 survivors (1024K)
 Metaspace       used 27888K, committed 28096K, reserved 1081344K
  class space    used 3070K, committed 3200K, reserved 1048576K
}
Event: 2.026 GC heap before
{Heap before GC invocations=6 (full 0):
 garbage-first heap   total 45056K, used 32053K [0x0000000082600000, 0x0000000100000000)
  region size 1024K, 17 young (17408K), 1 survivors (1024K)
 Metaspace       used 31057K, committed 31296K, reserved 1081344K
  class space    used 3767K, committed 3904K, reserved 1048576K
}
Event: 2.030 GC heap after
{Heap after GC invocations=7 (full 0):
 garbage-first heap   total 45056K, used 19314K [0x0000000082600000, 0x0000000100000000)
  region size 1024K, 3 young (3072K), 3 survivors (3072K)
 Metaspace       used 31057K, committed 31296K, reserved 1081344K
  class space    used 3767K, committed 3904K, reserved 1048576K
}
Event: 2.217 GC heap before
{Heap before GC invocations=7 (full 0):
 garbage-first heap   total 45056K, used 34674K [0x0000000082600000, 0x0000000100000000)
  region size 1024K, 16 young (16384K), 3 survivors (3072K)
 Metaspace       used 32373K, committed 32576K, reserved 1081344K
  class space    used 4121K, committed 4224K, reserved 1048576K
}
Event: 2.228 GC heap after
{Heap after GC invocations=8 (full 0):
 garbage-first heap   total 67584K, used 24398K [0x0000000082600000, 0x0000000100000000)
  region size 1024K, 2 young (2048K), 2 survivors (2048K)
 Metaspace       used 32373K, committed 32576K, reserved 1081344K
  class space    used 4121K, committed 4224K, reserved 1048576K
}
Event: 2.490 GC heap before
{Heap before GC invocations=8 (full 0):
 garbage-first heap   total 67584K, used 38734K [0x0000000082600000, 0x0000000100000000)
  region size 1024K, 18 young (18432K), 2 survivors (2048K)
 Metaspace       used 35917K, committed 36096K, reserved 1081344K
  class space    used 4530K, committed 4608K, reserved 1048576K
}
Event: 2.496 GC heap after
{Heap after GC invocations=9 (full 0):
 garbage-first heap   total 67584K, used 26446K [0x0000000082600000, 0x0000000100000000)
  region size 1024K, 4 young (4096K), 4 survivors (4096K)
 Metaspace       used 35917K, committed 36096K, reserved 1081344K
  class space    used 4530K, committed 4608K, reserved 1048576K
}
Event: 2.842 GC heap before
{Heap before GC invocations=10 (full 0):
 garbage-first heap   total 67584K, used 48974K [0x0000000082600000, 0x0000000100000000)
  region size 1024K, 26 young (26624K), 4 survivors (4096K)
 Metaspace       used 40062K, committed 40256K, reserved 1089536K
  class space    used 4950K, committed 5056K, reserved 1048576K
}
Event: 2.850 GC heap after
{Heap after GC invocations=11 (full 0):
 garbage-first heap   total 67584K, used 26145K [0x0000000082600000, 0x0000000100000000)
  region size 1024K, 4 young (4096K), 4 survivors (4096K)
 Metaspace       used 40062K, committed 40256K, reserved 1089536K
  class space    used 4950K, committed 5056K, reserved 1048576K
}
Event: 2.872 GC heap before
{Heap before GC invocations=11 (full 0):
 garbage-first heap   total 67584K, used 26145K [0x0000000082600000, 0x0000000100000000)
  region size 1024K, 5 young (5120K), 4 survivors (4096K)
 Metaspace       used 40311K, committed 40512K, reserved 1089536K
  class space    used 4964K, committed 5056K, reserved 1048576K
}
Event: 2.879 GC heap after
{Heap after GC invocations=12 (full 0):
 garbage-first heap   total 67584K, used 26777K [0x0000000082600000, 0x0000000100000000)
  region size 1024K, 1 young (1024K), 1 survivors (1024K)
 Metaspace       used 40311K, committed 40512K, reserved 1089536K
  class space    used 4964K, committed 5056K, reserved 1048576K
}
Event: 3.360 GC heap before
{Heap before GC invocations=12 (full 0):
 garbage-first heap   total 67584K, used 49305K [0x0000000082600000, 0x0000000100000000)
  region size 1024K, 23 young (23552K), 1 survivors (1024K)
 Metaspace       used 46119K, committed 46336K, reserved 1097728K
  class space    used 5615K, committed 5696K, reserved 1048576K
}
Event: 3.364 GC heap after
{Heap after GC invocations=13 (full 0):
 garbage-first heap   total 67584K, used 28031K [0x0000000082600000, 0x0000000100000000)
  region size 1024K, 2 young (2048K), 2 survivors (2048K)
 Metaspace       used 46119K, committed 46336K, reserved 1097728K
  class space    used 5615K, committed 5696K, reserved 1048576K
}
Event: 3.768 GC heap before
{Heap before GC invocations=13 (full 0):
 garbage-first heap   total 67584K, used 52607K [0x0000000082600000, 0x0000000100000000)
  region size 1024K, 24 young (24576K), 2 survivors (2048K)
 Metaspace       used 48817K, committed 49024K, reserved 1097728K
  class space    used 5896K, committed 5952K, reserved 1048576K
}
Event: 3.777 GC heap after
{Heap after GC invocations=14 (full 0):
 garbage-first heap   total 67584K, used 34517K [0x0000000082600000, 0x0000000100000000)
  region size 1024K, 3 young (3072K), 3 survivors (3072K)
 Metaspace       used 48817K, committed 49024K, reserved 1097728K
  class space    used 5896K, committed 5952K, reserved 1048576K
}
Event: 3.918 GC heap before
{Heap before GC invocations=14 (full 0):
 garbage-first heap   total 67584K, used 50901K [0x0000000082600000, 0x0000000100000000)
  region size 1024K, 19 young (19456K), 3 survivors (3072K)
 Metaspace       used 48903K, committed 49088K, reserved 1097728K
  class space    used 5896K, committed 5952K, reserved 1048576K
}

