# JRE version: OpenJDK Runtime Environment (17.0.6) (build 17.0.6+0-b2043.56-10027231)
# Java VM: OpenJDK 64-Bit Server VM (17.0.6+0-b2043.56-10027231, mixed mode, tiered, compressed oops, compressed class ptrs, g1 gc, windows-amd64)
GC Precious Log:
 CPUs: 4 total, 4 available
 Memory: 8035M
 Large Page Support: Disabled
 NUMA Support: Disabled
 Compressed Oops: Enabled (32-bit)
 Heap Region Size: 1M
 Heap Min Capacity: 8M
 Heap Initial Capacity: 126M
 Heap Max Capacity: 2010M
 Pre-touch: Disabled
 Parallel Workers: 4
 Concurrent Workers: 1
 Concurrent Refinement Workers: 4
 Periodic GC: Disabled
Heap:
 garbage-first heap   total 86016K, used 58543K [0x0000000082600000, 0x0000000100000000)
  region size 1024K, 18 young (18432K), 3 survivors (3072K)
 Metaspace       used 52631K, committed 52928K, reserved 1097728K
  class space    used 6202K, committed 6336K, reserved 1048576K
GC Heap History (20 events):
Event: 1.638 GC heap before
{Heap before GC invocations=4 (full 0):
 garbage-first heap   total 45056K, used 34986K [0x0000000082600000, 0x0000000100000000)
  region size 1024K, 26 young (26624K), 5 survivors (5120K)
 Metaspace       used 27631K, committed 27840K, reserved 1081344K
  class space    used 3046K, committed 3136K, reserved 1048576K
}
Event: 1.646 GC heap after
{Heap after GC invocations=5 (full 0):
 garbage-first heap   total 45056K, used 16268K [0x0000000082600000, 0x0000000100000000)
  region size 1024K, 2 young (2048K), 2 survivors (2048K)
 Metaspace       used 27631K, committed 27840K, reserved 1081344K
  class space    used 3046K, committed 3136K, reserved 1048576K
}
Event: 1.662 GC heap before
{Heap before GC invocations=5 (full 0):
 garbage-first heap   total 45056K, used 17292K [0x0000000082600000, 0x0000000100000000)
  region size 1024K, 3 young (3072K), 2 survivors (2048K)
 Metaspace       used 27881K, committed 28096K, reserved 1081344K
  class space    used 3076K, committed 3200K, reserved 1048576K
}
Event: 1.664 GC heap after
{Heap after GC invocations=6 (full 0):
 garbage-first heap   total 45056K, used 16832K [0x0000000082600000, 0x0000000100000000)
  region size 1024K, 1 young (1024K), 1 survivors (1024K)
 Metaspace       used 27881K, committed 28096K, reserved 1081344K
  class space    used 3076K, committed 3200K, reserved 1048576K
}
Event: 1.954 GC heap before
{Heap before GC invocations=6 (full 0):
 garbage-first heap   total 45056K, used 32192K [0x0000000082600000, 0x0000000100000000)
  region size 1024K, 17 young (17408K), 1 survivors (1024K)
 Metaspace       used 31024K, committed 31296K, reserved 1081344K
  class space    used 3768K, committed 3904K, reserved 1048576K
}
Event: 1.959 GC heap after
{Heap after GC invocations=7 (full 0):
 garbage-first heap   total 71680K, used 19674K [0x0000000082600000, 0x0000000100000000)
  region size 1024K, 3 young (3072K), 3 survivors (3072K)
 Metaspace       used 31024K, committed 31296K, reserved 1081344K
  class space    used 3768K, committed 3904K, reserved 1048576K
}
Event: 2.347 GC heap before
{Heap before GC invocations=7 (full 0):
 garbage-first heap   total 71680K, used 49370K [0x0000000082600000, 0x0000000100000000)
  region size 1024K, 31 young (31744K), 3 survivors (3072K)
 Metaspace       used 35757K, committed 35968K, reserved 1081344K
  class space    used 4514K, committed 4608K, reserved 1048576K
}
Event: 2.358 GC heap after
{Heap after GC invocations=8 (full 0):
 garbage-first heap   total 71680K, used 26473K [0x0000000082600000, 0x0000000100000000)
  region size 1024K, 5 young (5120K), 5 survivors (5120K)
 Metaspace       used 35757K, committed 35968K, reserved 1081344K
  class space    used 4514K, committed 4608K, reserved 1048576K
}
Event: 2.743 GC heap before
{Heap before GC invocations=9 (full 0):
 garbage-first heap   total 71680K, used 51049K [0x0000000082600000, 0x0000000100000000)
  region size 1024K, 30 young (30720K), 5 survivors (5120K)
 Metaspace       used 40683K, committed 40896K, reserved 1089536K
  class space    used 4991K, committed 5056K, reserved 1048576K
}
Event: 2.752 GC heap after
{Heap after GC invocations=10 (full 0):
 garbage-first heap   total 71680K, used 27277K [0x0000000082600000, 0x0000000100000000)
  region size 1024K, 3 young (3072K), 3 survivors (3072K)
 Metaspace       used 40683K, committed 40896K, reserved 1089536K
  class space    used 4991K, committed 5056K, reserved 1048576K
}
Event: 3.396 GC heap before
{Heap before GC invocations=10 (full 0):
 garbage-first heap   total 71680K, used 51853K [0x0000000082600000, 0x0000000100000000)
  region size 1024K, 28 young (28672K), 3 survivors (3072K)
 Metaspace       used 47368K, committed 47616K, reserved 1097728K
  class space    used 5748K, committed 5824K, reserved 1048576K
}
Event: 3.403 GC heap after
{Heap after GC invocations=11 (full 0):
 garbage-first heap   total 71680K, used 29488K [0x0000000082600000, 0x0000000100000000)
  region size 1024K, 2 young (2048K), 2 survivors (2048K)
 Metaspace       used 47368K, committed 47616K, reserved 1097728K
  class space    used 5748K, committed 5824K, reserved 1048576K
}
Event: 3.752 GC heap before
{Heap before GC invocations=11 (full 0):
 garbage-first heap   total 71680K, used 56112K [0x0000000082600000, 0x0000000100000000)
  region size 1024K, 26 young (26624K), 2 survivors (2048K)
 Metaspace       used 48974K, committed 49152K, reserved 1097728K
  class space    used 5897K, committed 5952K, reserved 1048576K
}
Event: 3.764 GC heap after
{Heap after GC invocations=12 (full 0):
 garbage-first heap   total 71680K, used 37452K [0x0000000082600000, 0x0000000100000000)
  region size 1024K, 4 young (4096K), 4 survivors (4096K)
 Metaspace       used 48974K, committed 49152K, reserved 1097728K
  class space    used 5897K, committed 5952K, reserved 1048576K
}
Event: 3.876 GC heap before
{Heap before GC invocations=12 (full 0):
 garbage-first heap   total 71680K, used 54860K [0x0000000082600000, 0x0000000100000000)
  region size 1024K, 21 young (21504K), 4 survivors (4096K)
 Metaspace       used 49531K, committed 49792K, reserved 1097728K
  class space    used 5957K, committed 6080K, reserved 1048576K
}
Event: 3.884 GC heap after
{Heap after GC invocations=13 (full 0):
 garbage-first heap   total 71680K, used 39523K [0x0000000082600000, 0x0000000100000000)
  region size 1024K, 2 young (2048K), 2 survivors (2048K)
 Metaspace       used 49531K, committed 49792K, reserved 1097728K
  class space    used 5957K, committed 6080K, reserved 1048576K
}
Event: 4.453 GC heap before
{Heap before GC invocations=14 (full 0):
 garbage-first heap   total 71680K, used 54883K [0x0000000082600000, 0x0000000100000000)
  region size 1024K, 18 young (18432K), 2 survivors (2048K)
 Metaspace       used 51688K, committed 51904K, reserved 1097728K
  class space    used 6167K, committed 6272K, reserved 1048576K
}
Event: 4.461 GC heap after
{Heap after GC invocations=15 (full 0):
 garbage-first heap   total 71680K, used 42361K [0x0000000082600000, 0x0000000100000000)
  region size 1024K, 3 young (3072K), 3 survivors (3072K)
 Metaspace       used 51688K, committed 51904K, reserved 1097728K
  class space    used 6167K, committed 6272K, reserved 1048576K
}
Event: 4.964 GC heap before
{Heap before GC invocations=15 (full 0):
 garbage-first heap   total 71680K, used 56697K [0x0000000082600000, 0x0000000100000000)
  region size 1024K, 17 young (17408K), 3 survivors (3072K)
 Metaspace       used 52346K, committed 52672K, reserved 1097728K
  class space    used 6183K, committed 6336K, reserved 1048576K
}
Event: 4.974 GC heap after
{Heap after GC invocations=16 (full 0):
 garbage-first heap   total 86016K, used 45231K [0x0000000082600000, 0x0000000100000000)
  region size 1024K, 3 young (3072K), 3 survivors (3072K)
 Metaspace       used 52346K, committed 52672K, reserved 1097728K
  class space    used 6183K, committed 6336K, reserved 1048576K
}

