# JRE version: OpenJDK Runtime Environment (17.0.6) (build 17.0.6+0-b2043.56-10027231)
# Java VM: OpenJDK 64-Bit Server VM (17.0.6+0-b2043.56-10027231, mixed mode, tiered, compressed oops, compressed class ptrs, g1 gc, windows-amd64)
GC Precious Log:
 CPUs: 4 total, 4 available
 Memory: 8035M
 Large Page Support: Disabled
 NUMA Support: Disabled
 Compressed Oops: Enabled (32-bit)
 Heap Region Size: 1M
 Heap Min Capacity: 8M
 Heap Initial Capacity: 126M
 Heap Max Capacity: 2010M
 Pre-touch: Disabled
 Parallel Workers: 4
 Concurrent Workers: 1
 Concurrent Refinement Workers: 4
 Periodic GC: Disabled
Heap:
 garbage-first heap   total 139264K, used 48776K [0x0000000082600000, 0x0000000100000000)
  region size 1024K, 13 young (13312K), 3 survivors (3072K)
 Metaspace       used 51179K, committed 51456K, reserved 1097728K
  class space    used 6158K, committed 6272K, reserved 1048576K
GC Heap History (20 events):
Event: 1.167 GC heap before
{Heap before GC invocations=2 (full 0):
 garbage-first heap   total 129024K, used 32505K [0x0000000082600000, 0x0000000100000000)
  region size 1024K, 27 young (27648K), 2 survivors (2048K)
 Metaspace       used 21319K, committed 21504K, reserved 1073152K
  class space    used 2323K, committed 2432K, reserved 1048576K
}
Event: 1.172 GC heap after
{Heap after GC invocations=3 (full 0):
 garbage-first heap   total 129024K, used 10407K [0x0000000082600000, 0x0000000100000000)
  region size 1024K, 5 young (5120K), 5 survivors (5120K)
 Metaspace       used 21319K, committed 21504K, reserved 1073152K
  class space    used 2323K, committed 2432K, reserved 1048576K
}
Event: 1.571 GC heap before
{Heap before GC invocations=4 (full 0):
 garbage-first heap   total 45056K, used 34983K [0x0000000082600000, 0x0000000100000000)
  region size 1024K, 26 young (26624K), 5 survivors (5120K)
 Metaspace       used 27625K, committed 27840K, reserved 1081344K
  class space    used 3045K, committed 3136K, reserved 1048576K
}
Event: 1.579 GC heap after
{Heap after GC invocations=5 (full 0):
 garbage-first heap   total 45056K, used 16591K [0x0000000082600000, 0x0000000100000000)
  region size 1024K, 3 young (3072K), 3 survivors (3072K)
 Metaspace       used 27625K, committed 27840K, reserved 1081344K
  class space    used 3045K, committed 3136K, reserved 1048576K
}
Event: 1.594 GC heap before
{Heap before GC invocations=5 (full 0):
 garbage-first heap   total 45056K, used 17615K [0x0000000082600000, 0x0000000100000000)
  region size 1024K, 4 young (4096K), 3 survivors (3072K)
 Metaspace       used 27876K, committed 28096K, reserved 1081344K
  class space    used 3075K, committed 3200K, reserved 1048576K
}
Event: 1.597 GC heap after
{Heap after GC invocations=6 (full 0):
 garbage-first heap   total 45056K, used 16686K [0x0000000082600000, 0x0000000100000000)
  region size 1024K, 1 young (1024K), 1 survivors (1024K)
 Metaspace       used 27876K, committed 28096K, reserved 1081344K
  class space    used 3075K, committed 3200K, reserved 1048576K
}
Event: 1.900 GC heap before
{Heap before GC invocations=6 (full 0):
 garbage-first heap   total 45056K, used 32046K [0x0000000082600000, 0x0000000100000000)
  region size 1024K, 17 young (17408K), 1 survivors (1024K)
 Metaspace       used 31019K, committed 31232K, reserved 1081344K
  class space    used 3768K, committed 3904K, reserved 1048576K
}
Event: 1.905 GC heap after
{Heap after GC invocations=7 (full 0):
 garbage-first heap   total 73728K, used 19311K [0x0000000082600000, 0x0000000100000000)
  region size 1024K, 3 young (3072K), 3 survivors (3072K)
 Metaspace       used 31019K, committed 31232K, reserved 1081344K
  class space    used 3768K, committed 3904K, reserved 1048576K
}
Event: 2.310 GC heap before
{Heap before GC invocations=7 (full 0):
 garbage-first heap   total 73728K, used 49007K [0x0000000082600000, 0x0000000100000000)
  region size 1024K, 31 young (31744K), 3 survivors (3072K)
 Metaspace       used 35757K, committed 35968K, reserved 1081344K
  class space    used 4514K, committed 4608K, reserved 1048576K
}
Event: 2.321 GC heap after
{Heap after GC invocations=8 (full 0):
 garbage-first heap   total 73728K, used 26173K [0x0000000082600000, 0x0000000100000000)
  region size 1024K, 5 young (5120K), 5 survivors (5120K)
 Metaspace       used 35757K, committed 35968K, reserved 1081344K
  class space    used 4514K, committed 4608K, reserved 1048576K
}
Event: 2.717 GC heap before
{Heap before GC invocations=9 (full 0):
 garbage-first heap   total 73728K, used 50749K [0x0000000082600000, 0x0000000100000000)
  region size 1024K, 30 young (30720K), 5 survivors (5120K)
 Metaspace       used 40716K, committed 40896K, reserved 1089536K
  class space    used 4995K, committed 5056K, reserved 1048576K
}
Event: 2.726 GC heap after
{Heap after GC invocations=10 (full 0):
 garbage-first heap   total 73728K, used 26842K [0x0000000082600000, 0x0000000100000000)
  region size 1024K, 3 young (3072K), 3 survivors (3072K)
 Metaspace       used 40716K, committed 40896K, reserved 1089536K
  class space    used 4995K, committed 5056K, reserved 1048576K
}
Event: 2.743 GC heap before
{Heap before GC invocations=10 (full 0):
 garbage-first heap   total 73728K, used 26842K [0x0000000082600000, 0x0000000100000000)
  region size 1024K, 4 young (4096K), 3 survivors (3072K)
 Metaspace       used 40992K, committed 41216K, reserved 1089536K
  class space    used 5015K, committed 5120K, reserved 1048576K
}
Event: 2.749 GC heap after
{Heap after GC invocations=11 (full 0):
 garbage-first heap   total 73728K, used 27222K [0x0000000082600000, 0x0000000100000000)
  region size 1024K, 1 young (1024K), 1 survivors (1024K)
 Metaspace       used 40992K, committed 41216K, reserved 1089536K
  class space    used 5015K, committed 5120K, reserved 1048576K
}
Event: 3.244 GC heap before
{Heap before GC invocations=11 (full 0):
 garbage-first heap   total 73728K, used 51798K [0x0000000082600000, 0x0000000100000000)
  region size 1024K, 26 young (26624K), 1 survivors (1024K)
 Metaspace       used 47562K, committed 47744K, reserved 1097728K
  class space    used 5790K, committed 5888K, reserved 1048576K
}
Event: 3.249 GC heap after
{Heap after GC invocations=12 (full 0):
 garbage-first heap   total 73728K, used 28672K [0x0000000082600000, 0x0000000100000000)
  region size 1024K, 2 young (2048K), 2 survivors (2048K)
 Metaspace       used 47562K, committed 47744K, reserved 1097728K
  class space    used 5790K, committed 5888K, reserved 1048576K
}
Event: 3.533 GC heap before
{Heap before GC invocations=12 (full 0):
 garbage-first heap   total 73728K, used 56320K [0x0000000082600000, 0x0000000100000000)
  region size 1024K, 27 young (27648K), 2 survivors (2048K)
 Metaspace       used 48771K, committed 48960K, reserved 1097728K
  class space    used 5897K, committed 5952K, reserved 1048576K
}
Event: 3.545 GC heap after
{Heap after GC invocations=13 (full 0):
 garbage-first heap   total 73728K, used 37045K [0x0000000082600000, 0x0000000100000000)
  region size 1024K, 4 young (4096K), 4 survivors (4096K)
 Metaspace       used 48771K, committed 48960K, reserved 1097728K
  class space    used 5897K, committed 5952K, reserved 1048576K
}
Event: 3.729 GC heap before
{Heap before GC invocations=13 (full 0):
 garbage-first heap   total 73728K, used 55477K [0x0000000082600000, 0x0000000100000000)
  region size 1024K, 22 young (22528K), 4 survivors (4096K)
 Metaspace       used 49957K, committed 50176K, reserved 1097728K
  class space    used 6031K, committed 6144K, reserved 1048576K
}
Event: 3.738 GC heap after
{Heap after GC invocations=14 (full 0):
 garbage-first heap   total 139264K, used 39560K [0x0000000082600000, 0x0000000100000000)
  region size 1024K, 3 young (3072K), 3 survivors (3072K)
 Metaspace       used 49957K, committed 50176K, reserved 1097728K
  class space    used 6031K, committed 6144K, reserved 1048576K
}

